app/build/intermediates/manifest_merge_blame_file/release/manifest-merger-blame-release-report.txt
1<?xml version="1.0" encoding="utf-8"?>
2<manifest xmlns:android="http://schemas.android.com/apk/res/android"
3    package="com.android.receiver"
4    android:versionCode="1"
5    android:versionName="1.0" >
6
7    <uses-sdk
8        android:minSdkVersion="15"
8-->src\main\AndroidManifest.xml
9        android:targetSdkVersion="21" />
9-->src\main\AndroidManifest.xml
10
11    <uses-permission android:name="android.permission.WRITE_EXTERNAL_STORAGE" />
11-->src\main\AndroidManifest.xml:9:5-81
11-->src\main\AndroidManifest.xml:9:22-78
12    <uses-permission android:name="android.permission.STORAGE" />
12-->src\main\AndroidManifest.xml:10:5-66
12-->src\main\AndroidManifest.xml:10:22-63
13    <uses-permission android:name="android.permission.INTERNET" />
13-->src\main\AndroidManifest.xml:11:5-67
13-->src\main\AndroidManifest.xml:11:22-64
14    <uses-permission android:name="android.permission.READ_PHONE_STATE" />
14-->src\main\AndroidManifest.xml:12:5-75
14-->src\main\AndroidManifest.xml:12:22-72
15    <uses-permission android:name="android.permission.RECORD_AUDIO" />
15-->src\main\AndroidManifest.xml:13:5-71
15-->src\main\AndroidManifest.xml:13:22-68
16    <uses-permission android:name="android.permission.READ_PHONE_STATE" />
16-->src\main\AndroidManifest.xml:12:5-75
16-->src\main\AndroidManifest.xml:12:22-72
17    <uses-permission android:name="android.permission.CAMERA" >
17-->src\main\AndroidManifest.xml:15:5-16:23
17-->src\main\AndroidManifest.xml:15:22-62
18    </uses-permission>
19    <uses-permission android:name="android.permission.WRITE_EXTERNAL_STORAGE" />
19-->src\main\AndroidManifest.xml:9:5-81
19-->src\main\AndroidManifest.xml:9:22-78
20    <uses-permission android:name="android.permission.STORAGE" />
20-->src\main\AndroidManifest.xml:10:5-66
20-->src\main\AndroidManifest.xml:10:22-63
21    <uses-permission android:name="android.permission.INTERNET" />
21-->src\main\AndroidManifest.xml:11:5-67
21-->src\main\AndroidManifest.xml:11:22-64
22    <uses-permission android:name="android.permission.READ_PHONE_STATE" />
22-->src\main\AndroidManifest.xml:12:5-75
22-->src\main\AndroidManifest.xml:12:22-72
23
24    <uses-feature
24-->src\main\AndroidManifest.xml:22:5-24:36
25        android:name="android.hardware.camera.front"
25-->src\main\AndroidManifest.xml:23:9-53
26        android:required="false" />
26-->src\main\AndroidManifest.xml:24:9-33
27    <uses-feature
27-->src\main\AndroidManifest.xml:25:5-27:36
28        android:name="android.hardware.camera"
28-->src\main\AndroidManifest.xml:26:9-47
29        android:required="false" />
29-->src\main\AndroidManifest.xml:27:9-33
30
31    <uses-permission android:name="android.permission.RECORD_AUDIO" />
31-->src\main\AndroidManifest.xml:13:5-71
31-->src\main\AndroidManifest.xml:13:22-68
32    <uses-permission android:name="android.permission.ACCESS_NETWORK_STATE" />
32-->src\main\AndroidManifest.xml:30:5-79
32-->src\main\AndroidManifest.xml:30:22-76
33    <uses-permission android:name="android.permission.ACCESS_WIFI_STATE" />
33-->src\main\AndroidManifest.xml:31:5-76
33-->src\main\AndroidManifest.xml:31:22-73
34
35    <application
35-->src\main\AndroidManifest.xml:33:5-87:19
36        android:name="com.android.receiver.Myappcrash"
36-->src\main\AndroidManifest.xml:34:9-35
37        android:allowBackup="false"
37-->src\main\AndroidManifest.xml:35:9-36
38        android:icon="@drawable/disaster_logo_1"
38-->src\main\AndroidManifest.xml:36:9-49
39        android:label="@string/app_name" >
39-->src\main\AndroidManifest.xml:37:9-41
40        <activity
40-->src\main\AndroidManifest.xml:38:9-41:20
41            android:name="com.android.receiver.AndroidReceiverActivity"
41-->src\main\AndroidManifest.xml:39:13-52
42            android:label="@string/app_name" >
42-->src\main\AndroidManifest.xml:40:13-45
43        </activity>
44        <activity
44-->src\main\AndroidManifest.xml:42:9-45:20
45            android:name="com.android.receiver.Splash"
45-->src\main\AndroidManifest.xml:43:13-35
46            android:label="@string/app_name" >
46-->src\main\AndroidManifest.xml:44:13-45
47        </activity>
48        <activity
48-->src\main\AndroidManifest.xml:46:9-49:20
49            android:name="com.android.receiver.MainActivitycallr"
49-->src\main\AndroidManifest.xml:47:13-46
50            android:label="@string/app_name" >
50-->src\main\AndroidManifest.xml:48:13-45
51        </activity>
52        <activity
52-->src\main\AndroidManifest.xml:50:9-53:20
53            android:name="com.android.receiver.ChatReceiverActivity"
53-->src\main\AndroidManifest.xml:51:13-49
54            android:label="@string/app_name" >
54-->src\main\AndroidManifest.xml:52:13-45
55        </activity>
56
57        <!--
58        <activity
59            android:name=".EncImageReceive"
60            android:label="@string/app_name" >
61        </activity>
62        -->
63
64        <activity
64-->src\main\AndroidManifest.xml:60:9-63:20
65            android:name="com.android.receiver.PhotoReceive"
65-->src\main\AndroidManifest.xml:61:13-41
66            android:label="@string/app_name" >
66-->src\main\AndroidManifest.xml:62:13-45
67        </activity>
68        <activity
68-->src\main\AndroidManifest.xml:64:9-67:20
69            android:name="com.android.receiver.Login"
69-->src\main\AndroidManifest.xml:65:13-34
70            android:label="@string/app_name" >
70-->src\main\AndroidManifest.xml:66:13-45
71        </activity>
72        <activity
72-->src\main\AndroidManifest.xml:68:9-71:20
73            android:name="com.android.receiver.ViewReceivedMessages"
73-->src\main\AndroidManifest.xml:69:13-49
74            android:label="@string/app_name" >
74-->src\main\AndroidManifest.xml:70:13-45
75        </activity>
76        <activity
76-->src\main\AndroidManifest.xml:72:9-75:20
77            android:name="com.android.receiver.DepartmentListActivity"
77-->src\main\AndroidManifest.xml:73:13-51
78            android:label="@string/app_name" >
78-->src\main\AndroidManifest.xml:74:13-45
79        </activity>
80        <activity
80-->src\main\AndroidManifest.xml:77:9-85:20
81            android:name="com.android.receiver.EncImageReceive"
81-->src\main\AndroidManifest.xml:78:13-44
82            android:label="@string/app_name" >
82-->src\main\AndroidManifest.xml:79:13-45
83            <intent-filter>
83-->src\main\AndroidManifest.xml:80:13-84:29
84                <action android:name="android.intent.action.MAIN" />
84-->src\main\AndroidManifest.xml:81:17-69
84-->src\main\AndroidManifest.xml:81:25-66
85
86                <category android:name="android.intent.category.LAUNCHER" />
86-->src\main\AndroidManifest.xml:83:17-77
86-->src\main\AndroidManifest.xml:83:27-74
87            </intent-filter>
88        </activity>
89    </application>
90
91</manifest>